Using pre-set license
Built from '2020.3/staging' branch; Version is '2020.3.3f1 (76626098c1c4) revision 7758432'; Using compiler version '192528614'; Build Type 'Release'
OS: 'Windows 10 Pro; OS build 22631.3737; Version 2009; 64bit' Language: 'ko' Physical Memory: 16233 MB
BatchMode: 1, IsHumanControllingUs: 0, StartBugReporterOnCrash: 0, Is64bit: 1, IsPro: 0

 COMMAND LINE ARGUMENTS:
D:\2020.3.3f1\Editor\Unity.exe
-adb2
-batchMode
-noUpm
-name
AssetImportWorker0
-projectPath
C:/Users/zocki/LoginFrontend
-logFile
Logs/AssetImportWorker0.log
-srvPort
5980
Successfully changed project path to: C:/Users/zocki/LoginFrontend
C:/Users/zocki/LoginFrontend
Using Asset Import Pipeline V2.
Refreshing native plugins compatible for Editor in 31.02 ms, found 0 plugins.
Preloading 0 native plugins for Editor in 0.00 ms.
Initialize engine version: 2020.3.3f1 (76626098c1c4)
[Subsystems] Discovering subsystems at path D:/2020.3.3f1/Editor/Data/Resources/UnitySubsystems
[Subsystems] Discovering subsystems at path C:/Users/zocki/LoginFrontend/Assets
GfxDevice: creating device client; threaded=0
Direct3D:
    Version:  Direct3D 11.0 [level 11.1]
    Renderer: NVIDIA GeForce RTX 2070 (ID=0x1f10)
    Vendor:   
    VRAM:     8006 MB
    Driver:   32.0.15.5585
Shader N3K/SimpleDeformation uses undefined Queue: '0'

Shader N3K/SimpleDeformation uses undefined Queue: '0'

Initialize mono
Mono path[0] = 'D:/2020.3.3f1/Editor/Data/Managed'
Mono path[1] = 'D:/2020.3.3f1/Editor/Data/MonoBleedingEdge/lib/mono/unityjit'
Mono config path = 'D:/2020.3.3f1/Editor/Data/MonoBleedingEdge/etc'
Using monoOptions --debugger-agent=transport=dt_socket,embedding=1,server=y,suspend=n,address=127.0.0.1:56084
Begin MonoManager ReloadAssembly
Registering precompiled unity dll's ...
Register platform support module: D:/2020.3.3f1/Editor/Data/PlaybackEngines/WindowsStandaloneSupport/UnityEditor.WindowsStandalone.Extensions.dll
Registered in 0.000907 seconds.
Native extension for WindowsStandalone target not found
Refreshing native plugins compatible for Editor in 25.75 ms, found 0 plugins.
Preloading 0 native plugins for Editor in 0.00 ms.
Invoked RoslynAnalysisRunner static constructor.
RoslynAnalysisRunner will not be running.
RoslynAnalysisRunner has terminated.
Mono: successfully reloaded assembly
- Completed reload, in  0.996 seconds
Platform modules already initialized, skipping
Registering precompiled user dll's ...
Registered in 0.001409 seconds.
Begin MonoManager ReloadAssembly
Native extension for WindowsStandalone target not found
Refreshing native plugins compatible for Editor in 0.23 ms, found 0 plugins.
Preloading 0 native plugins for Editor in 0.00 ms.
Invoked RoslynAnalysisRunner static constructor.
RoslynAnalysisRunner will not be running.
RoslynAnalysisRunner has terminated.
Mono: successfully reloaded assembly
- Completed reload, in  0.858 seconds
Platform modules already initialized, skipping
========================================================================
Worker process is ready to serve import requests
Shader N3K/SimpleDeformation uses undefined Queue: '0'

Shader N3K/SimpleDeformation uses undefined Queue: '0'

Launched and connected shader compiler UnityShaderCompiler.exe after 0.06 seconds
Refreshing native plugins compatible for Editor in 0.22 ms, found 0 plugins.
Preloading 0 native plugins for Editor in 0.00 ms.
Unloading 1132 Unused Serialized files (Serialized files now loaded: 0)
System memory in use before: 59.9 MB.
System memory in use after: 59.9 MB.

Unloading 10 unused Assets to reduce memory usage. Loaded Objects now: 1577.
Total: 1.857700 ms (FindLiveObjects: 0.139500 ms CreateObjectMapping: 0.040200 ms MarkObjects: 1.587900 ms  DeleteObjects: 0.089000 ms)

========================================================================
Received Import Request.
  path: Assets/Scripts/Login.cs
  artifactKey: Guid(86aeec6114fc6ef48b728a09bf2eece2) Importer(815301076,1909f56bfc062723c751e8b465ee728b)
Start importing Assets/Scripts/Login.cs using Guid(86aeec6114fc6ef48b728a09bf2eece2) Importer(815301076,1909f56bfc062723c751e8b465ee728b)  -> (artifact id: 'b0d46d4fc40ea9c0240ffdc72b79cd7f') in 0.073620 seconds
  Import took 0.075512 seconds .

========================================================================
Received Prepare
Registering precompiled user dll's ...
Registered in 0.000896 seconds.
Begin MonoManager ReloadAssembly
Native extension for WindowsStandalone target not found
Refreshing native plugins compatible for Editor in 0.22 ms, found 0 plugins.
Preloading 0 native plugins for Editor in 0.00 ms.
Invoked RoslynAnalysisRunner static constructor.
RoslynAnalysisRunner will not be running.
RoslynAnalysisRunner has terminated.
Mono: successfully reloaded assembly
- Completed reload, in  0.791 seconds
Platform modules already initialized, skipping
Shader N3K/SimpleDeformation uses undefined Queue: '0'

Shader N3K/SimpleDeformation uses undefined Queue: '0'

Refreshing native plugins compatible for Editor in 0.23 ms, found 0 plugins.
Preloading 0 native plugins for Editor in 0.00 ms.
Unloading 1113 Unused Serialized files (Serialized files now loaded: 0)
System memory in use before: 58.4 MB.
System memory in use after: 58.5 MB.

Unloading 5 unused Assets to reduce memory usage. Loaded Objects now: 1580.
Total: 1.695600 ms (FindLiveObjects: 0.143900 ms CreateObjectMapping: 0.041000 ms MarkObjects: 1.452400 ms  DeleteObjects: 0.056800 ms)

========================================================================
Received Prepare
Registering precompiled user dll's ...
Registered in 0.002112 seconds.
Begin MonoManager ReloadAssembly
Native extension for WindowsStandalone target not found
Refreshing native plugins compatible for Editor in 0.23 ms, found 0 plugins.
Preloading 0 native plugins for Editor in 0.00 ms.
Invoked RoslynAnalysisRunner static constructor.
RoslynAnalysisRunner will not be running.
RoslynAnalysisRunner has terminated.
Mono: successfully reloaded assembly
- Completed reload, in  0.852 seconds
Platform modules already initialized, skipping
Shader N3K/SimpleDeformation uses undefined Queue: '0'

Shader N3K/SimpleDeformation uses undefined Queue: '0'

Refreshing native plugins compatible for Editor in 0.20 ms, found 0 plugins.
Preloading 0 native plugins for Editor in 0.00 ms.
Unloading 1113 Unused Serialized files (Serialized files now loaded: 0)
System memory in use before: 58.4 MB.
System memory in use after: 58.5 MB.

Unloading 5 unused Assets to reduce memory usage. Loaded Objects now: 1583.
Total: 1.767100 ms (FindLiveObjects: 0.127500 ms CreateObjectMapping: 0.034200 ms MarkObjects: 1.552600 ms  DeleteObjects: 0.051300 ms)

========================================================================
Received Import Request.
  Time since last request: 10557.190701 seconds.
  path: Assets/Scripts/LoginResponse.cs
  artifactKey: Guid(37a8af1d8cc17924fa068c58da05250e) Importer(815301076,1909f56bfc062723c751e8b465ee728b)
Start importing Assets/Scripts/LoginResponse.cs using Guid(37a8af1d8cc17924fa068c58da05250e) Importer(815301076,1909f56bfc062723c751e8b465ee728b)  -> (artifact id: '6350ca77932391580ef99d55e5b006ce') in 0.063998 seconds
  Import took 0.108560 seconds .

========================================================================
Received Prepare
Registering precompiled user dll's ...
Registered in 0.001076 seconds.
Begin MonoManager ReloadAssembly
Native extension for WindowsStandalone target not found
Refreshing native plugins compatible for Editor in 0.31 ms, found 0 plugins.
Preloading 0 native plugins for Editor in 0.00 ms.
Invoked RoslynAnalysisRunner static constructor.
RoslynAnalysisRunner will not be running.
RoslynAnalysisRunner has terminated.
Mono: successfully reloaded assembly
- Completed reload, in  1.065 seconds
Platform modules already initialized, skipping
Shader N3K/SimpleDeformation uses undefined Queue: '0'

Shader N3K/SimpleDeformation uses undefined Queue: '0'

Refreshing native plugins compatible for Editor in 0.33 ms, found 0 plugins.
Preloading 0 native plugins for Editor in 0.00 ms.
Unloading 1114 Unused Serialized files (Serialized files now loaded: 0)
System memory in use before: 58.5 MB.
System memory in use after: 58.5 MB.

Unloading 5 unused Assets to reduce memory usage. Loaded Objects now: 1587.
Total: 2.144700 ms (FindLiveObjects: 0.182100 ms CreateObjectMapping: 0.045200 ms MarkObjects: 1.849600 ms  DeleteObjects: 0.066400 ms)

========================================================================
Received Import Request.
  Time since last request: 20.666740 seconds.
  path: Assets/Scripts/CreateReponse.cs
  artifactKey: Guid(ec7467ba7b687904c950a6022aef7984) Importer(815301076,1909f56bfc062723c751e8b465ee728b)
Start importing Assets/Scripts/CreateReponse.cs using Guid(ec7467ba7b687904c950a6022aef7984) Importer(815301076,1909f56bfc062723c751e8b465ee728b)  -> (artifact id: 'c07c42d1345c58aa7925314af595d74a') in 0.010590 seconds
  Import took 0.012692 seconds .

========================================================================
Received Prepare
Registering precompiled user dll's ...
Registered in 0.001178 seconds.
Begin MonoManager ReloadAssembly
Native extension for WindowsStandalone target not found
Refreshing native plugins compatible for Editor in 0.22 ms, found 0 plugins.
Preloading 0 native plugins for Editor in 0.00 ms.
Invoked RoslynAnalysisRunner static constructor.
RoslynAnalysisRunner will not be running.
RoslynAnalysisRunner has terminated.
Mono: successfully reloaded assembly
- Completed reload, in  0.758 seconds
Platform modules already initialized, skipping
Shader N3K/SimpleDeformation uses undefined Queue: '0'

Shader N3K/SimpleDeformation uses undefined Queue: '0'

Refreshing native plugins compatible for Editor in 0.22 ms, found 0 plugins.
Preloading 0 native plugins for Editor in 0.00 ms.
Unloading 1115 Unused Serialized files (Serialized files now loaded: 0)
System memory in use before: 58.5 MB.
System memory in use after: 58.6 MB.

Unloading 5 unused Assets to reduce memory usage. Loaded Objects now: 1591.
Total: 2.853600 ms (FindLiveObjects: 0.175000 ms CreateObjectMapping: 0.043900 ms MarkObjects: 2.560400 ms  DeleteObjects: 0.072800 ms)

========================================================================
Received Prepare
Registering precompiled user dll's ...
Registered in 0.001167 seconds.
Begin MonoManager ReloadAssembly
Native extension for WindowsStandalone target not found
Refreshing native plugins compatible for Editor in 0.22 ms, found 0 plugins.
Preloading 0 native plugins for Editor in 0.00 ms.
Invoked RoslynAnalysisRunner static constructor.
RoslynAnalysisRunner will not be running.
RoslynAnalysisRunner has terminated.
Mono: successfully reloaded assembly
- Completed reload, in  0.795 seconds
Platform modules already initialized, skipping
Shader N3K/SimpleDeformation uses undefined Queue: '0'

Shader N3K/SimpleDeformation uses undefined Queue: '0'

Refreshing native plugins compatible for Editor in 0.22 ms, found 0 plugins.
Preloading 0 native plugins for Editor in 0.00 ms.
Unloading 1115 Unused Serialized files (Serialized files now loaded: 0)
System memory in use before: 58.5 MB.
System memory in use after: 58.6 MB.

Unloading 5 unused Assets to reduce memory usage. Loaded Objects now: 1594.
Total: 2.959800 ms (FindLiveObjects: 0.196900 ms CreateObjectMapping: 0.075300 ms MarkObjects: 2.611700 ms  DeleteObjects: 0.074800 ms)

========================================================================
Received Import Request.
  Time since last request: 152.206300 seconds.
  path: Assets/Scripts/LoginResponse.cs
  artifactKey: Guid(37a8af1d8cc17924fa068c58da05250e) Importer(815301076,1909f56bfc062723c751e8b465ee728b)
Start importing Assets/Scripts/LoginResponse.cs using Guid(37a8af1d8cc17924fa068c58da05250e) Importer(815301076,1909f56bfc062723c751e8b465ee728b)  -> (artifact id: '71f3c107c65fabaa01cbf145405656fb') in 0.005064 seconds
  Import took 0.007560 seconds .

========================================================================
Received Prepare
Registering precompiled user dll's ...
Registered in 0.000781 seconds.
Begin MonoManager ReloadAssembly
Native extension for WindowsStandalone target not found
Refreshing native plugins compatible for Editor in 0.22 ms, found 0 plugins.
Preloading 0 native plugins for Editor in 0.00 ms.
Invoked RoslynAnalysisRunner static constructor.
RoslynAnalysisRunner will not be running.
RoslynAnalysisRunner has terminated.
Mono: successfully reloaded assembly
- Completed reload, in  0.689 seconds
Platform modules already initialized, skipping
Shader N3K/SimpleDeformation uses undefined Queue: '0'

Shader N3K/SimpleDeformation uses undefined Queue: '0'

Refreshing native plugins compatible for Editor in 0.23 ms, found 0 plugins.
Preloading 0 native plugins for Editor in 0.00 ms.
Unloading 1115 Unused Serialized files (Serialized files now loaded: 0)
System memory in use before: 58.5 MB.
System memory in use after: 58.6 MB.

Unloading 5 unused Assets to reduce memory usage. Loaded Objects now: 1597.
Total: 1.907700 ms (FindLiveObjects: 0.237500 ms CreateObjectMapping: 0.138900 ms MarkObjects: 1.475200 ms  DeleteObjects: 0.054400 ms)

========================================================================
Received Import Request.
  Time since last request: 581.742353 seconds.
  path: Assets/Scripts/LoginResponse.cs
  artifactKey: Guid(37a8af1d8cc17924fa068c58da05250e) Importer(815301076,1909f56bfc062723c751e8b465ee728b)
Start importing Assets/Scripts/LoginResponse.cs using Guid(37a8af1d8cc17924fa068c58da05250e) Importer(815301076,1909f56bfc062723c751e8b465ee728b)  -> (artifact id: 'f449c84862d391015712c7b431292269') in 0.004033 seconds
  Import took 0.005886 seconds .

========================================================================
Received Import Request.
  Time since last request: 0.004640 seconds.
  path: Assets/Scripts/LoginResponse.cs
  artifactKey: Guid(37a8af1d8cc17924fa068c58da05250e) Importer(815301076,1909f56bfc062723c751e8b465ee728b)
Start importing Assets/Scripts/LoginResponse.cs using Guid(37a8af1d8cc17924fa068c58da05250e) Importer(815301076,1909f56bfc062723c751e8b465ee728b)  -> (artifact id: 'f449c84862d391015712c7b431292269') in 0.002153 seconds
  Import took 0.003875 seconds .

========================================================================
Received Prepare
Registering precompiled user dll's ...
Registered in 0.000859 seconds.
Begin MonoManager ReloadAssembly
Native extension for WindowsStandalone target not found
Refreshing native plugins compatible for Editor in 0.44 ms, found 0 plugins.
Preloading 0 native plugins for Editor in 0.00 ms.
Invoked RoslynAnalysisRunner static constructor.
RoslynAnalysisRunner will not be running.
RoslynAnalysisRunner has terminated.
Mono: successfully reloaded assembly
- Completed reload, in  0.757 seconds
Platform modules already initialized, skipping
Shader N3K/SimpleDeformation uses undefined Queue: '0'

Shader N3K/SimpleDeformation uses undefined Queue: '0'

Refreshing native plugins compatible for Editor in 0.24 ms, found 0 plugins.
Preloading 0 native plugins for Editor in 0.00 ms.
Unloading 1115 Unused Serialized files (Serialized files now loaded: 0)
System memory in use before: 58.5 MB.
System memory in use after: 58.6 MB.

Unloading 5 unused Assets to reduce memory usage. Loaded Objects now: 1600.
Total: 1.599500 ms (FindLiveObjects: 0.147900 ms CreateObjectMapping: 0.037100 ms MarkObjects: 1.362400 ms  DeleteObjects: 0.051000 ms)

========================================================================
Received Prepare
Registering precompiled user dll's ...
Registered in 0.000798 seconds.
Begin MonoManager ReloadAssembly
Native extension for WindowsStandalone target not found
Refreshing native plugins compatible for Editor in 0.22 ms, found 0 plugins.
Preloading 0 native plugins for Editor in 0.00 ms.
Invoked RoslynAnalysisRunner static constructor.
RoslynAnalysisRunner will not be running.
RoslynAnalysisRunner has terminated.
Mono: successfully reloaded assembly
- Completed reload, in  0.758 seconds
Platform modules already initialized, skipping
Shader N3K/SimpleDeformation uses undefined Queue: '0'

Shader N3K/SimpleDeformation uses undefined Queue: '0'

Refreshing native plugins compatible for Editor in 0.23 ms, found 0 plugins.
Preloading 0 native plugins for Editor in 0.00 ms.
Unloading 1115 Unused Serialized files (Serialized files now loaded: 0)
System memory in use before: 58.5 MB.
System memory in use after: 58.6 MB.

Unloading 5 unused Assets to reduce memory usage. Loaded Objects now: 1603.
Total: 1.612800 ms (FindLiveObjects: 0.115400 ms CreateObjectMapping: 0.032000 ms MarkObjects: 1.417300 ms  DeleteObjects: 0.047000 ms)

========================================================================
Received Prepare
Registering precompiled user dll's ...
Registered in 0.001215 seconds.
Begin MonoManager ReloadAssembly
Native extension for WindowsStandalone target not found
Refreshing native plugins compatible for Editor in 0.33 ms, found 0 plugins.
Preloading 0 native plugins for Editor in 0.00 ms.
Invoked RoslynAnalysisRunner static constructor.
RoslynAnalysisRunner will not be running.
RoslynAnalysisRunner has terminated.
Mono: successfully reloaded assembly
- Completed reload, in  0.988 seconds
Platform modules already initialized, skipping
Shader N3K/SimpleDeformation uses undefined Queue: '0'

Shader N3K/SimpleDeformation uses undefined Queue: '0'

Refreshing native plugins compatible for Editor in 0.33 ms, found 0 plugins.
Preloading 0 native plugins for Editor in 0.00 ms.
Unloading 1115 Unused Serialized files (Serialized files now loaded: 0)
System memory in use before: 58.5 MB.
System memory in use after: 58.6 MB.

Unloading 5 unused Assets to reduce memory usage. Loaded Objects now: 1606.
Total: 3.315300 ms (FindLiveObjects: 0.251600 ms CreateObjectMapping: 0.050000 ms MarkObjects: 2.929700 ms  DeleteObjects: 0.082000 ms)

========================================================================
Received Prepare
Registering precompiled user dll's ...
Registered in 0.000984 seconds.
Begin MonoManager ReloadAssembly
Native extension for WindowsStandalone target not found
Refreshing native plugins compatible for Editor in 0.23 ms, found 0 plugins.
Preloading 0 native plugins for Editor in 0.00 ms.
Invoked RoslynAnalysisRunner static constructor.
RoslynAnalysisRunner will not be running.
RoslynAnalysisRunner has terminated.
Mono: successfully reloaded assembly
- Completed reload, in  0.915 seconds
Platform modules already initialized, skipping
Shader N3K/SimpleDeformation uses undefined Queue: '0'

Shader N3K/SimpleDeformation uses undefined Queue: '0'

Refreshing native plugins compatible for Editor in 0.36 ms, found 0 plugins.
Preloading 0 native plugins for Editor in 0.00 ms.
Unloading 1115 Unused Serialized files (Serialized files now loaded: 0)
System memory in use before: 58.5 MB.
System memory in use after: 58.6 MB.

Unloading 5 unused Assets to reduce memory usage. Loaded Objects now: 1609.
Total: 2.243900 ms (FindLiveObjects: 0.193600 ms CreateObjectMapping: 0.053300 ms MarkObjects: 1.919500 ms  DeleteObjects: 0.075700 ms)

========================================================================
Received Prepare
Registering precompiled user dll's ...
Registered in 0.001598 seconds.
Begin MonoManager ReloadAssembly
Native extension for WindowsStandalone target not found
Refreshing native plugins compatible for Editor in 0.30 ms, found 0 plugins.
Preloading 0 native plugins for Editor in 0.00 ms.
Invoked RoslynAnalysisRunner static constructor.
RoslynAnalysisRunner will not be running.
RoslynAnalysisRunner has terminated.
Mono: successfully reloaded assembly
- Completed reload, in  0.890 seconds
Platform modules already initialized, skipping
Shader N3K/SimpleDeformation uses undefined Queue: '0'

Shader N3K/SimpleDeformation uses undefined Queue: '0'

Refreshing native plugins compatible for Editor in 0.30 ms, found 0 plugins.
Preloading 0 native plugins for Editor in 0.00 ms.
Unloading 1115 Unused Serialized files (Serialized files now loaded: 0)
System memory in use before: 58.5 MB.
System memory in use after: 58.6 MB.

Unloading 5 unused Assets to reduce memory usage. Loaded Objects now: 1612.
Total: 1.945300 ms (FindLiveObjects: 0.215900 ms CreateObjectMapping: 0.062200 ms MarkObjects: 1.610300 ms  DeleteObjects: 0.055700 ms)

========================================================================
Received Prepare
Registering precompiled user dll's ...
Registered in 0.000796 seconds.
Begin MonoManager ReloadAssembly
Native extension for WindowsStandalone target not found
Refreshing native plugins compatible for Editor in 0.32 ms, found 0 plugins.
Preloading 0 native plugins for Editor in 0.00 ms.
Invoked RoslynAnalysisRunner static constructor.
RoslynAnalysisRunner will not be running.
RoslynAnalysisRunner has terminated.
Mono: successfully reloaded assembly
- Completed reload, in  0.881 seconds
Platform modules already initialized, skipping
Shader N3K/SimpleDeformation uses undefined Queue: '0'

Shader N3K/SimpleDeformation uses undefined Queue: '0'

Refreshing native plugins compatible for Editor in 0.25 ms, found 0 plugins.
Preloading 0 native plugins for Editor in 0.00 ms.
Unloading 1115 Unused Serialized files (Serialized files now loaded: 0)
System memory in use before: 58.5 MB.
System memory in use after: 58.6 MB.

Unloading 5 unused Assets to reduce memory usage. Loaded Objects now: 1615.
Total: 2.915200 ms (FindLiveObjects: 0.143100 ms CreateObjectMapping: 0.033500 ms MarkObjects: 2.613500 ms  DeleteObjects: 0.122900 ms)

========================================================================
Received Prepare
Registering precompiled user dll's ...
Registered in 0.001256 seconds.
Begin MonoManager ReloadAssembly
Native extension for WindowsStandalone target not found
Refreshing native plugins compatible for Editor in 0.35 ms, found 0 plugins.
Preloading 0 native plugins for Editor in 0.00 ms.
Invoked RoslynAnalysisRunner static constructor.
RoslynAnalysisRunner will not be running.
RoslynAnalysisRunner has terminated.
Mono: successfully reloaded assembly
- Completed reload, in  0.966 seconds
Platform modules already initialized, skipping
Shader N3K/SimpleDeformation uses undefined Queue: '0'

Shader N3K/SimpleDeformation uses undefined Queue: '0'

Refreshing native plugins compatible for Editor in 0.53 ms, found 0 plugins.
Preloading 0 native plugins for Editor in 0.00 ms.
Unloading 1115 Unused Serialized files (Serialized files now loaded: 0)
System memory in use before: 58.6 MB.
System memory in use after: 58.7 MB.

Unloading 5 unused Assets to reduce memory usage. Loaded Objects now: 1618.
Total: 1.763700 ms (FindLiveObjects: 0.250900 ms CreateObjectMapping: 0.074400 ms MarkObjects: 1.387900 ms  DeleteObjects: 0.048300 ms)

AssetImportWorkerClient::OnTransportError - code=2 error=End of file
